   ▲ Next.js 15.3.3
   - Local:        http://localhost:5050
   - Network:      http://192.168.12.224:5050
   - Environments: .env.local, .env

 ✓ Starting...
 ✓ Ready in 1747ms
 ○ Compiling / ...
 ✓ Compiled / in 1465ms (959 modules)
 ⨯ [TypeError: localStorage.getItem is not a function] {
  digest: '1570126222'
}
[TypeError: localStorage.getItem is not a function]
 ⨯ [TypeError: localStorage.getItem is not a function] { page: '/' }
(node:6841) Warning: `--localstorage-file` was provided without a valid path
(Use `node --trace-warnings ...` to show where the warning was created)
 ○ Compiling /_error ...
 ✓ Compiled /_error in 532ms (1293 modules)
[TypeError: localStorage.getItem is not a function]
[TypeError: localStorage.getItem is not a function]
 ⨯ [TypeError: localStorage.getItem is not a function]
 ⨯ [TypeError: localStorage.getItem is not a function]
[TypeError: localStorage.getItem is not a function]
 ⨯ unhandledRejection: [TypeError: localStorage.getItem is not a function]
 ⨯ unhandledRejection:  [TypeError: localStorage.getItem is not a function]
[TypeError: localStorage.getItem is not a function]
[TypeError: localStorage.getItem is not a function]
 ⨯ [TypeError: localStorage.getItem is not a function]
[TypeError: localStorage.getItem is not a function] { page: '/' }
[TypeError: localStorage.getItem is not a function]
 ⨯ unhandledRejection: [TypeError: localStorage.getItem is not a function]
 ⨯ unhandledRejection:  [TypeError: localStorage.getItem is not a function]
 GET / 500 in 4036ms
 GET / 500 in 218ms
 ⨯ Error: Cannot find module './80.js'
Require stack:
- /Users/rachelrosario/out-of-time-search/.next/server/webpack-runtime.js
- /Users/rachelrosario/out-of-time-search/.next/server/pages/_document.js
- /Users/rachelrosario/out-of-time-search/node_modules/next/dist/server/require.js
- /Users/rachelrosario/out-of-time-search/node_modules/next/dist/server/load-components.js
- /Users/rachelrosario/out-of-time-search/node_modules/next/dist/build/utils.js
- /Users/rachelrosario/out-of-time-search/node_modules/next/dist/build/swc/options.js
- /Users/rachelrosario/out-of-time-search/node_modules/next/dist/build/swc/index.js
- /Users/rachelrosario/out-of-time-search/node_modules/next/dist/build/next-config-ts/transpile-config.js
- /Users/rachelrosario/out-of-time-search/node_modules/next/dist/server/config.js
- /Users/rachelrosario/out-of-time-search/node_modules/next/dist/server/next.js
- /Users/rachelrosario/out-of-time-search/node_modules/next/dist/server/lib/start-server.js
    at __webpack_require__.f.require (.next/server/webpack-runtime.js:203:28)
    at <unknown> (.next/server/webpack-runtime.js:116:40)
    at Array.reduce (<anonymous>)
    at __webpack_require__.e (.next/server/webpack-runtime.js:115:67)
    at Array.map (<anonymous>)
    at __webpack_require__.X (.next/server/webpack-runtime.js:167:22)
    at <unknown> (.next/server/app/page.js:7:14114)
    at Object.<anonymous> (.next/server/app/page.js:7:14170) {
  code: 'MODULE_NOT_FOUND',
  requireStack: [Array],
  page: '/'
}
[TypeError: localStorage.getItem is not a function]
[TypeError: localStorage.getItem is not a function]
 ⨯ [TypeError: localStorage.getItem is not a function]
 ⨯ [TypeError: localStorage.getItem is not a function]
[TypeError: localStorage.getItem is not a function]
 ⨯ unhandledRejection: [TypeError: localStorage.getItem is not a function]
 ⨯ unhandledRejection:  [TypeError: localStorage.getItem is not a function]
[TypeError: localStorage.getItem is not a function]
[TypeError: localStorage.getItem is not a function]
 ⨯ [TypeError: localStorage.getItem is not a function]
Error: Cannot find module './80.js'
Require stack:
- /Users/rachelrosario/out-of-time-search/.next/server/webpack-runtime.js
- /Users/rachelrosario/out-of-time-search/.next/server/pages/_document.js
- /Users/rachelrosario/out-of-time-search/node_modules/next/dist/server/require.js
- /Users/rachelrosario/out-of-time-search/node_modules/next/dist/server/load-components.js
- /Users/rachelrosario/out-of-time-search/node_modules/next/dist/build/utils.js
- /Users/rachelrosario/out-of-time-search/node_modules/next/dist/build/swc/options.js
- /Users/rachelrosario/out-of-time-search/node_modules/next/dist/build/swc/index.js
- /Users/rachelrosario/out-of-time-search/node_modules/next/dist/build/next-config-ts/transpile-config.js
- /Users/rachelrosario/out-of-time-search/node_modules/next/dist/server/config.js
- /Users/rachelrosario/out-of-time-search/node_modules/next/dist/server/next.js
- /Users/rachelrosario/out-of-time-search/node_modules/next/dist/server/lib/start-server.js
    at __webpack_require__.f.require (.next/server/webpack-runtime.js:203:28)
    at <unknown> (.next/server/webpack-runtime.js:116:40)
    at Array.reduce (<anonymous>)
    at __webpack_require__.e (.next/server/webpack-runtime.js:115:67)
    at Array.map (<anonymous>)
    at __webpack_require__.X (.next/server/webpack-runtime.js:167:22)
    at <unknown> (.next/server/app/page.js:7:14114)
    at Object.<anonymous> (.next/server/app/page.js:7:14170) {
  code: 'MODULE_NOT_FOUND',
  requireStack: [Array],
  page: '/'
}
[TypeError: localStorage.getItem is not a function]
 ⨯ unhandledRejection: [TypeError: localStorage.getItem is not a function]
 ⨯ unhandledRejection:  [TypeError: localStorage.getItem is not a function]
 HEAD / 500 in 498ms
 HEAD / 500 in 213ms
 ✓ Compiled in 149ms (592 modules)
 ✓ Compiled in 86ms (592 modules)
 ✓ Compiled in 79ms (592 modules)
